<?xml version="1.0" encoding="UTF-8"?>
<!-- Generated by org.testng.reporters.JUnitXMLReporter -->
<testsuite hostname="wangmengleideMacBook-Pro.local" ignored="3" name="suite测试" tests="2" failures="0" timestamp="17 九月 2018 06:20:10 GMT" time="20.694" errors="0">
  <testcase name="@BeforeClass setup" time="10.317" classname="com.job.ui.contentmanager.CreateNormalArticles">
    <failure type="org.openqa.selenium.TimeoutException" message="Expected condition failed: waiting for visibility of element located by By.className: m-aside--page__link (tried for 10 second(s) with 500 MILLISECONDS interval)">
      <![CDATA[org.openqa.selenium.TimeoutException: Expected condition failed: waiting for visibility of element located by By.className: m-aside--page__link (tried for 10 second(s) with 500 MILLISECONDS interval)
at org.openqa.selenium.support.ui.WebDriverWait.timeoutException(WebDriverWait.java:82)
at org.openqa.selenium.support.ui.FluentWait.until(FluentWait.java:231)
at com.job.ui.util.Page.open(Page.java:14)
at com.job.ui.contentmanager.CreateNormalArticles.setup(CreateNormalArticles.java:29)
Caused by: org.openqa.selenium.NoSuchElementException: Cannot locate an element using By.className: m-aside--page__link
For documentation on this error, please visit: http://seleniumhq.org/exceptions/no_such_element.html
Build info: version: '3.7.1', revision: '8a0099a', time: '2017-11-06T21:01:39.354Z'
System info: host: 'wangmengleideMacBook-Pro.local', ip: 'fe80:0:0:0:cf9:e241:dc48:2fef%en0', os.name: 'Mac OS X', os.arch: 'x86_64', os.version: '10.13.3', java.version: '1.8.0_181'
Driver info: driver.version: unknown
at org.openqa.selenium.support.ui.ExpectedConditions.lambda$findElement$0(ExpectedConditions.java:882)
at java.util.Optional.orElseThrow(Optional.java:290)
at org.openqa.selenium.support.ui.ExpectedConditions.findElement(ExpectedConditions.java:881)
at org.openqa.selenium.support.ui.ExpectedConditions.access$000(ExpectedConditions.java:43)
at org.openqa.selenium.support.ui.ExpectedConditions$7.apply(ExpectedConditions.java:205)
at org.openqa.selenium.support.ui.ExpectedConditions$7.apply(ExpectedConditions.java:201)
at org.openqa.selenium.support.ui.FluentWait.until(FluentWait.java:208)
... 28 more
... Removed 26 stack frames]]>
    </failure>
  </testcase> <!-- @BeforeClass setup -->
  <testcase name="@AfterClass setdown" time="0.0" classname="com.job.ui.contentmanager.CreateNormalArticles">
    <skipped/>
  </testcase> <!-- @AfterClass setdown -->
  <testcase name="@BeforeClass setup" time="10.326" classname="com.job.ui.contentmanager.IsVisible">
    <failure type="org.openqa.selenium.TimeoutException" message="Expected condition failed: waiting for visibility of element located by By.className: m-aside--page__link (tried for 10 second(s) with 500 MILLISECONDS interval)">
      <![CDATA[org.openqa.selenium.TimeoutException: Expected condition failed: waiting for visibility of element located by By.className: m-aside--page__link (tried for 10 second(s) with 500 MILLISECONDS interval)
at org.openqa.selenium.support.ui.WebDriverWait.timeoutException(WebDriverWait.java:82)
at org.openqa.selenium.support.ui.FluentWait.until(FluentWait.java:231)
at com.job.ui.util.Page.open(Page.java:14)
at com.job.ui.contentmanager.IsVisible.setup(IsVisible.java:27)
Caused by: org.openqa.selenium.NoSuchElementException: Cannot locate an element using By.className: m-aside--page__link
For documentation on this error, please visit: http://seleniumhq.org/exceptions/no_such_element.html
Build info: version: '3.7.1', revision: '8a0099a', time: '2017-11-06T21:01:39.354Z'
System info: host: 'wangmengleideMacBook-Pro.local', ip: 'fe80:0:0:0:cf9:e241:dc48:2fef%en0', os.name: 'Mac OS X', os.arch: 'x86_64', os.version: '10.13.3', java.version: '1.8.0_181'
Driver info: driver.version: unknown
at org.openqa.selenium.support.ui.ExpectedConditions.lambda$findElement$0(ExpectedConditions.java:882)
at java.util.Optional.orElseThrow(Optional.java:290)
at org.openqa.selenium.support.ui.ExpectedConditions.findElement(ExpectedConditions.java:881)
at org.openqa.selenium.support.ui.ExpectedConditions.access$000(ExpectedConditions.java:43)
at org.openqa.selenium.support.ui.ExpectedConditions$7.apply(ExpectedConditions.java:205)
at org.openqa.selenium.support.ui.ExpectedConditions$7.apply(ExpectedConditions.java:201)
at org.openqa.selenium.support.ui.FluentWait.until(FluentWait.java:208)
... 28 more
... Removed 26 stack frames]]>
    </failure>
  </testcase> <!-- @BeforeClass setup -->
  <testcase name="TestArtical1" time="0.0" classname="com.job.ui.contentmanager.CreateNormalArticles">
    <skipped/>
  </testcase> <!-- TestArtical1 -->
  <testcase name="test01" time="0.0" classname="com.job.ui.contentmanager.IsVisible">
    <skipped/>
  </testcase> <!-- test01 -->
  <testcase name="TestArtical2" time="0.0" classname="com.job.ui.contentmanager.CreateNormalArticles">
    <ignored/>
  </testcase> <!-- TestArtical2 -->
  <testcase name="TestArtical4" time="0.0" classname="com.job.ui.contentmanager.CreateNormalArticles">
    <ignored/>
  </testcase> <!-- TestArtical4 -->
  <testcase name="TestArtical3" time="0.0" classname="com.job.ui.contentmanager.CreateNormalArticles">
    <ignored/>
  </testcase> <!-- TestArtical3 -->
</testsuite> <!-- suite测试 -->
